<?xml version="1.0" encoding="UTF-8"?>
<coverage generated="1782100384504" clover="3.2.0">
  <project timestamp="1782100384504" name="All files">
    <metrics statements="8" coveredstatements="8" conditionals="2" coveredconditionals="2" methods="3" coveredmethods="3" elements="13" coveredelements="13" complexity="0" loc="8" ncloc="8" packages="2" files="3" classes="3"/>
    <package name="features._example.domain">
      <metrics statements="5" coveredstatements="5" conditionals="0" coveredconditionals="0" methods="2" coveredmethods="2"/>
      <file name="example.parser.ts" path="/Users/ericledonge/Perso/pal/src/features/_example/domain/example.parser.ts">
        <metrics statements="3" coveredstatements="3" conditionals="0" coveredconditionals="0" methods="1" coveredmethods="1"/>
        <line num="7" count="1" type="stmt"/>
        <line num="8" count="1" type="stmt"/>
        <line num="9" count="1" type="stmt"/>
      </file>
      <file name="example.service.ts" path="/Users/ericledonge/Perso/pal/src/features/_example/domain/example.service.ts">
        <metrics statements="2" coveredstatements="2" conditionals="0" coveredconditionals="0" methods="1" coveredmethods="1"/>
        <line num="13" count="1" type="stmt"/>
        <line num="14" count="1" type="stmt"/>
      </file>
    </package>
    <package name="shared.domain">
      <metrics statements="3" coveredstatements="3" conditionals="2" coveredconditionals="2" methods="1" coveredmethods="1"/>
      <file name="level.ts" path="/Users/ericledonge/Perso/pal/src/shared/domain/level.ts">
        <metrics statements="3" coveredstatements="3" conditionals="2" coveredconditionals="2" methods="1" coveredmethods="1"/>
        <line num="5" count="1" type="stmt"/>
        <line num="20" count="1" type="stmt"/>
        <line num="21" count="14" type="cond" truecount="2" falsecount="0"/>
      </file>
    </package>
  </project>
</coverage>
