TN:
SF:src/features/_example/domain/example.parser.ts
FN:7,(anonymous_0)
FNF:1
FNH:1
FNDA:1,(anonymous_0)
DA:7,1
DA:8,1
DA:9,1
LF:3
LH:3
BRF:0
BRH:0
end_of_record
TN:
SF:src/features/_example/domain/example.service.ts
FN:13,(anonymous_0)
FNF:1
FNH:1
FNDA:1,(anonymous_0)
DA:13,1
DA:14,1
LF:2
LH:2
BRF:0
BRH:0
end_of_record
TN:
SF:src/shared/domain/level.ts
FN:20,(anonymous_0)
FNF:1
FNH:1
FNDA:14,(anonymous_0)
DA:5,1
DA:20,1
DA:21,14
LF:3
LH:3
BRDA:21,0,0,14
BRDA:21,0,1,12
BRF:2
BRH:2
end_of_record
